0 info it worked if it ends with ok
1 verbose cli [ 'node', '/usr/local/bin/npm', 'install', 'child_process' ]
2 info using npm@1.1.65
3 info using node@v0.8.14
4 verbose read json /Users/kevinlarosa/Sites/creature/back-node/package.json
5 warn package.json application-name@0.0.1 No README.md file found!
6 verbose read json /Users/kevinlarosa/Sites/creature/back-node/node_modules/aws-sign/package.json
7 verbose read json /Users/kevinlarosa/Sites/creature/back-node/node_modules/consolidate/package.json
8 verbose read json /Users/kevinlarosa/Sites/creature/back-node/node_modules/cookie-jar/package.json
9 verbose read json /Users/kevinlarosa/Sites/creature/back-node/node_modules/express/package.json
10 verbose read json /Users/kevinlarosa/Sites/creature/back-node/node_modules/fluent-ffmpeg/package.json
11 verbose read json /Users/kevinlarosa/Sites/creature/back-node/node_modules/forever-agent/package.json
12 verbose read json /Users/kevinlarosa/Sites/creature/back-node/node_modules/form-data/package.json
13 verbose read json /Users/kevinlarosa/Sites/creature/back-node/node_modules/formidable/package.json
14 verbose read json /Users/kevinlarosa/Sites/creature/back-node/node_modules/hawk/package.json
15 verbose read json /Users/kevinlarosa/Sites/creature/back-node/node_modules/http-signature/package.json
16 verbose read json /Users/kevinlarosa/Sites/creature/back-node/node_modules/json-stringify-safe/package.json
17 verbose read json /Users/kevinlarosa/Sites/creature/back-node/node_modules/mime/package.json
18 verbose read json /Users/kevinlarosa/Sites/creature/back-node/node_modules/mustache/package.json
19 verbose read json /Users/kevinlarosa/Sites/creature/back-node/node_modules/node-uuid/package.json
20 verbose read json /Users/kevinlarosa/Sites/creature/back-node/node_modules/oauth-sign/package.json
21 verbose read json /Users/kevinlarosa/Sites/creature/back-node/node_modules/qs/package.json
22 verbose read json /Users/kevinlarosa/Sites/creature/back-node/node_modules/request/package.json
23 verbose read json /Users/kevinlarosa/Sites/creature/back-node/node_modules/socket.io/package.json
24 verbose read json /Users/kevinlarosa/Sites/creature/back-node/node_modules/swig/package.json
25 verbose read json /Users/kevinlarosa/Sites/creature/back-node/node_modules/tunnel-agent/package.json
26 verbose read json /Users/kevinlarosa/Sites/creature/back-node/node_modules/underscore/package.json
27 verbose read json /Users/kevinlarosa/Sites/creature/back-node/node_modules/util/package.json
28 verbose from cache /Users/kevinlarosa/Sites/creature/back-node/package.json
29 verbose readDependencies using package.json deps
30 verbose cache add [ 'child_process', null ]
31 silly cache add name=undefined spec="child_process" args=["child_process",null]
32 verbose parsed url { pathname: 'child_process',
32 verbose parsed url   path: 'child_process',
32 verbose parsed url   href: 'child_process' }
33 silly lockFile 4845fa97-child-process child_process
34 verbose lock child_process /Users/kevinlarosa/.npm/4845fa97-child-process.lock
35 silly lockFile 4845fa97-child-process child_process
36 verbose addNamed [ 'child_process', '' ]
37 verbose addNamed [ null, '' ]
38 silly lockFile 512a7ef6-child-process child_process@
39 verbose lock child_process@ /Users/kevinlarosa/.npm/512a7ef6-child-process.lock
40 silly addNameRange { name: 'child_process', range: '', hasData: false }
41 verbose url raw child_process
42 verbose url resolving [ 'https://registry.npmjs.org/', './child_process' ]
43 verbose url resolved https://registry.npmjs.org/child_process
44 info trying registry request attempt 1 at 02:11:00
45 http GET https://registry.npmjs.org/child_process
46 http 404 https://registry.npmjs.org/child_process
47 silly registry.get cb [ 404,
47 silly registry.get   { server: 'CouchDB/1.3.0 (Erlang OTP/R15B03)',
47 silly registry.get     date: 'Mon, 06 May 2013 00:11:01 GMT',
47 silly registry.get     'content-type': 'application/json',
47 silly registry.get     'content-length': '52',
47 silly registry.get     'cache-control': 'must-revalidate' } ]
48 silly lockFile 512a7ef6-child-process child_process@
49 error 404 'child_process' is not in the npm registry.
49 error 404 You should bug the author to publish it
49 error 404
49 error 404 Note that you can also install from a
49 error 404 tarball, folder, or http url, or git url.
50 error System Darwin 12.3.0
51 error command "node" "/usr/local/bin/npm" "install" "child_process"
52 error cwd /Users/kevinlarosa/Sites/creature/back-node/tmp/speak
53 error node -v v0.8.14
54 error npm -v 1.1.65
55 error code E404
56 verbose exit [ 1, true ]
